app/build/intermediates/manifest_merge_blame_file/debug/manifest-merger-blame-debug-report.txt
1<?xml version="1.0" encoding="utf-8"?>
2<manifest xmlns:android="http://schemas.android.com/apk/res/android"
3    package="com.suisuy.skeyboard.softkeyboard"
4    android:versionCode="1"
5    android:versionName="1.0" >
6
7    <uses-sdk
8        android:minSdkVersion="19"
8-->src/main/AndroidManifest.xml
9        android:targetSdkVersion="31" />
9-->src/main/AndroidManifest.xml
10
11    <uses-permission android:name="android.permission.INTERNET" />
11-->src/main/AndroidManifest.xml:3:5-67
11-->src/main/AndroidManifest.xml:3:22-64
12    <uses-permission android:name="android.permission.ACCESS_NETWORK_STATE" />
12-->src/main/AndroidManifest.xml:4:5-79
12-->src/main/AndroidManifest.xml:4:22-76
13    <uses-permission android:name="android.permission.MANAGE_EXTERNAL_STORAGE" />
13-->src/main/AndroidManifest.xml:6:5-82
13-->src/main/AndroidManifest.xml:6:22-79
14    <uses-permission android:name="android.permission.WRITE_EXTERNAL_STORAGE" />
14-->src/main/AndroidManifest.xml:7:5-81
14-->src/main/AndroidManifest.xml:7:22-78
15    <uses-permission android:name="android.permission.READ_EXTERNAL_STORAGE" />
15-->src/main/AndroidManifest.xml:8:5-80
15-->src/main/AndroidManifest.xml:8:22-77
16
17    <application
17-->src/main/AndroidManifest.xml:11:5-55:19
18        android:appComponentFactory="androidx.core.app.CoreComponentFactory"
18-->[androidx.core:core:1.1.0] AndroidManifest.xml:24:18-86
19        android:debuggable="true"
20        android:label="@string/ime_name"
20-->src/main/AndroidManifest.xml:11:18-50
21        android:testOnly="true" >
22        <activity
22-->src/main/AndroidManifest.xml:12:9-18:20
23            android:name="com.suisuy.skeyboard.softkeyboard.MainActivity"
23-->src/main/AndroidManifest.xml:12:19-47
24            android:exported="true" >
24-->src/main/AndroidManifest.xml:13:13-36
25            <intent-filter>
25-->src/main/AndroidManifest.xml:14:13-17:29
26                <action android:name="android.intent.action.MAIN" />
26-->src/main/AndroidManifest.xml:15:17-68
26-->src/main/AndroidManifest.xml:15:25-66
27
28                <category android:name="android.intent.category.LAUNCHER" />
28-->src/main/AndroidManifest.xml:16:17-77
28-->src/main/AndroidManifest.xml:16:27-74
29            </intent-filter>
30        </activity>
31
32        <service
32-->src/main/AndroidManifest.xml:20:9-27:19
33            android:name="com.suisuy.skeyboard.softkeyboard.SoftKeyboard"
33-->src/main/AndroidManifest.xml:20:18-45
34            android:exported="true"
34-->src/main/AndroidManifest.xml:22:13-36
35            android:permission="android.permission.BIND_INPUT_METHOD" >
35-->src/main/AndroidManifest.xml:21:13-70
36            <intent-filter>
36-->src/main/AndroidManifest.xml:23:13-25:29
37                <action android:name="android.view.InputMethod" />
37-->src/main/AndroidManifest.xml:24:17-67
37-->src/main/AndroidManifest.xml:24:25-64
38            </intent-filter>
39
40            <meta-data
40-->src/main/AndroidManifest.xml:26:13-88
41                android:name="android.view.im"
41-->src/main/AndroidManifest.xml:26:24-54
42                android:resource="@xml/method" />
42-->src/main/AndroidManifest.xml:26:55-85
43        </service>
44        <service
44-->src/main/AndroidManifest.xml:29:9-37:19
45            android:name="com.suisuy.skeyboard.softkeyboard.SpcSoftBoard"
45-->src/main/AndroidManifest.xml:29:18-45
46            android:exported="true"
46-->src/main/AndroidManifest.xml:32:13-36
47            android:label="@string/sime_name"
47-->src/main/AndroidManifest.xml:30:13-46
48            android:permission="android.permission.BIND_INPUT_METHOD" >
48-->src/main/AndroidManifest.xml:31:13-70
49            <intent-filter>
49-->src/main/AndroidManifest.xml:23:13-25:29
50                <action android:name="android.view.InputMethod" />
50-->src/main/AndroidManifest.xml:24:17-67
50-->src/main/AndroidManifest.xml:24:25-64
51            </intent-filter>
52
53            <meta-data
53-->src/main/AndroidManifest.xml:26:13-88
54                android:name="android.view.im"
54-->src/main/AndroidManifest.xml:26:24-54
55                android:resource="@xml/method" />
55-->src/main/AndroidManifest.xml:26:55-85
56        </service>
57        <service
57-->src/main/AndroidManifest.xml:39:9-51:19
58            android:name="com.suisuy.skeyboard.softkeyboard.PinyinKeyboard"
58-->src/main/AndroidManifest.xml:40:13-42
59            android:exported="true"
59-->src/main/AndroidManifest.xml:44:13-36
60            android:label="pinyin"
60-->src/main/AndroidManifest.xml:41:13-35
61            android:permission="android.permission.BIND_INPUT_METHOD" >
61-->src/main/AndroidManifest.xml:43:13-70
62            <intent-filter>
62-->src/main/AndroidManifest.xml:23:13-25:29
63                <action android:name="android.view.InputMethod" />
63-->src/main/AndroidManifest.xml:24:17-67
63-->src/main/AndroidManifest.xml:24:25-64
64            </intent-filter>
65
66            <meta-data
66-->src/main/AndroidManifest.xml:26:13-88
67                android:name="android.view.im"
67-->src/main/AndroidManifest.xml:26:24-54
68                android:resource="@xml/method" />
68-->src/main/AndroidManifest.xml:26:55-85
69        </service>
70    </application>
71
72</manifest>